ERROR:root:❌ [Error] sh515050 失败: 'SmartOptimizer' object has no attribute 'diagnostic_report'
ERROR:root:Traceback (most recent call last):
  File "/home/scott/code/stock-model/optimize/auto_tune.py", line 60, in <module>
    tune(ticker)
  File "/home/scott/code/stock-model/optimize/auto_tune.py", line 39, in tune
    run_optuna_study(ticker,ticker_interval, 100, report=optimizer.diagnostic_report)
AttributeError: 'SmartOptimizer' object has no attribute 'diagnostic_report'

ERROR:root:❌ [Error] sh588200 失败: 'SmartOptimizer' object has no attribute 'diagnostic_report'
ERROR:root:Traceback (most recent call last):
  File "/home/scott/code/stock-model/optimize/auto_tune.py", line 60, in <module>
    tune(ticker)
  File "/home/scott/code/stock-model/optimize/auto_tune.py", line 39, in tune
    run_optuna_study(ticker,ticker_interval, 100, report=optimizer.diagnostic_report)
AttributeError: 'SmartOptimizer' object has no attribute 'diagnostic_report'

ERROR:root:❌ [Error] sh561330 失败: 'SmartOptimizer' object has no attribute 'diagnostic_report'
ERROR:root:Traceback (most recent call last):
  File "/home/scott/code/stock-model/optimize/auto_tune.py", line 60, in <module>
    tune(ticker)
  File "/home/scott/code/stock-model/optimize/auto_tune.py", line 39, in tune
    run_optuna_study(ticker,ticker_interval, 100, report=optimizer.diagnostic_report)
AttributeError: 'SmartOptimizer' object has no attribute 'diagnostic_report'

ERROR:root:❌ [Error] sh512760 失败: 'SmartOptimizer' object has no attribute 'diagnostic_report'
ERROR:root:Traceback (most recent call last):
  File "/home/scott/code/stock-model/optimize/auto_tune.py", line 60, in <module>
    tune(ticker)
  File "/home/scott/code/stock-model/optimize/auto_tune.py", line 39, in tune
    run_optuna_study(ticker,ticker_interval, 100, report=optimizer.diagnostic_report)
AttributeError: 'SmartOptimizer' object has no attribute 'diagnostic_report'

ERROR:root:❌ [Error] sz159515 失败: 'SmartOptimizer' object has no attribute 'diagnostic_report'
ERROR:root:Traceback (most recent call last):
  File "/home/scott/code/stock-model/optimize/auto_tune.py", line 60, in <module>
    tune(ticker)
  File "/home/scott/code/stock-model/optimize/auto_tune.py", line 39, in tune
    run_optuna_study(ticker,ticker_interval, 100, report=optimizer.diagnostic_report)
AttributeError: 'SmartOptimizer' object has no attribute 'diagnostic_report'

ERROR:root:❌ [Error] sh515050 失败: 'SmartOptimizer' object has no attribute 'diagnostic_report'
ERROR:root:Traceback (most recent call last):
  File "/home/scott/code/stock-model/optimize/auto_tune.py", line 68, in <module>
    tune(ticker)
  File "/home/scott/code/stock-model/optimize/auto_tune.py", line 41, in tune
    run_optuna_study(ticker,ticker_interval, 100, report=optimizer.diagnostic_report)
AttributeError: 'SmartOptimizer' object has no attribute 'diagnostic_report'

ERROR:root:❌ [Error] sh588200 失败: 'SmartOptimizer' object has no attribute 'diagnostic_report'
ERROR:root:Traceback (most recent call last):
  File "/home/scott/code/stock-model/optimize/auto_tune.py", line 68, in <module>
    tune(ticker)
  File "/home/scott/code/stock-model/optimize/auto_tune.py", line 41, in tune
    run_optuna_study(ticker,ticker_interval, 100, report=optimizer.diagnostic_report)
AttributeError: 'SmartOptimizer' object has no attribute 'diagnostic_report'

ERROR:root:❌ [Error] sh561330 失败: 'SmartOptimizer' object has no attribute 'diagnostic_report'
ERROR:root:Traceback (most recent call last):
  File "/home/scott/code/stock-model/optimize/auto_tune.py", line 68, in <module>
    tune(ticker)
  File "/home/scott/code/stock-model/optimize/auto_tune.py", line 41, in tune
    run_optuna_study(ticker,ticker_interval, 100, report=optimizer.diagnostic_report)
AttributeError: 'SmartOptimizer' object has no attribute 'diagnostic_report'

ERROR:root:❌ [Error] sh512760 失败: 'SmartOptimizer' object has no attribute 'diagnostic_report'
ERROR:root:Traceback (most recent call last):
  File "/home/scott/code/stock-model/optimize/auto_tune.py", line 68, in <module>
    tune(ticker)
  File "/home/scott/code/stock-model/optimize/auto_tune.py", line 41, in tune
    run_optuna_study(ticker,ticker_interval, 100, report=optimizer.diagnostic_report)
AttributeError: 'SmartOptimizer' object has no attribute 'diagnostic_report'

ERROR:root:❌ [Error] sz159515 失败: 'SmartOptimizer' object has no attribute 'diagnostic_report'
ERROR:root:Traceback (most recent call last):
  File "/home/scott/code/stock-model/optimize/auto_tune.py", line 68, in <module>
    tune(ticker)
  File "/home/scott/code/stock-model/optimize/auto_tune.py", line 41, in tune
    run_optuna_study(ticker,ticker_interval, 100, report=optimizer.diagnostic_report)
AttributeError: 'SmartOptimizer' object has no attribute 'diagnostic_report'

ERROR:root:❌ [Error] sh515050 失败: Cannot set different distribution kind to the same parameter name.
ERROR:root:Traceback (most recent call last):
  File "/home/scott/code/stock-model/optimize/auto_tune.py", line 64, in <module>
    tune(ticker)
  File "/home/scott/code/stock-model/optimize/auto_tune.py", line 41, in tune
    run_optuna_study(ticker,ticker_interval, 100)
  File "/home/scott/code/stock-model/optimize/opt_study.py", line 25, in run_optuna_study
    study.optimize(lambda t: objective(t, [ticker], ticker_interval), n_trials)
  File "/home/scott/miniconda3/envs/chronos/lib/python3.10/site-packages/optuna/study/study.py", line 490, in optimize
    _optimize(
  File "/home/scott/miniconda3/envs/chronos/lib/python3.10/site-packages/optuna/study/_optimize.py", line 68, in _optimize
    _optimize_sequential(
  File "/home/scott/miniconda3/envs/chronos/lib/python3.10/site-packages/optuna/study/_optimize.py", line 165, in _optimize_sequential
    frozen_trial_id = _run_trial(study, func, catch)
  File "/home/scott/miniconda3/envs/chronos/lib/python3.10/site-packages/optuna/study/_optimize.py", line 263, in _run_trial
    raise func_err
  File "/home/scott/miniconda3/envs/chronos/lib/python3.10/site-packages/optuna/study/_optimize.py", line 206, in _run_trial
    value_or_values = func(trial)
  File "/home/scott/code/stock-model/optimize/opt_study.py", line 25, in <lambda>
    study.optimize(lambda t: objective(t, [ticker], ticker_interval), n_trials)
  File "/home/scott/code/stock-model/optimize/opt_study.py", line 59, in objective
    optuna_config = ConfigFactory.suggest_config(trial, main_ticker)
  File "/home/scott/code/stock-model/optimize/config_factory_v2.py", line 82, in suggest_config
    params[key] = trial.suggest_int(key, low, high)
  File "/home/scott/miniconda3/envs/chronos/lib/python3.10/site-packages/optuna/_convert_positional_args.py", line 127, in converter_wrapper
    return func(**kwargs)  # type: ignore[call-arg]
  File "/home/scott/miniconda3/envs/chronos/lib/python3.10/site-packages/optuna/trial/_trial.py", line 336, in suggest_int
    suggested_value = int(self._suggest(name, distribution))
  File "/home/scott/miniconda3/envs/chronos/lib/python3.10/site-packages/optuna/trial/_trial.py", line 649, in _suggest
    storage.set_trial_param(trial_id, name, param_value_in_internal_repr, distribution)
  File "/home/scott/miniconda3/envs/chronos/lib/python3.10/site-packages/optuna/storages/_cached_storage.py", line 167, in set_trial_param
    self._backend._set_trial_param(
  File "/home/scott/miniconda3/envs/chronos/lib/python3.10/site-packages/optuna/storages/_rdb/storage.py", line 597, in _set_trial_param
    self._set_trial_param_without_commit(
  File "/home/scott/miniconda3/envs/chronos/lib/python3.10/site-packages/optuna/storages/_rdb/storage.py", line 632, in _set_trial_param_without_commit
    distributions.check_distribution_compatibility(previous_distribution, distribution)
  File "/home/scott/miniconda3/envs/chronos/lib/python3.10/site-packages/optuna/distributions.py", line 642, in check_distribution_compatibility
    raise ValueError("Cannot set different distribution kind to the same parameter name.")
ValueError: Cannot set different distribution kind to the same parameter name.

ERROR:root:❌ [Error] sh515050 失败: Cannot set different distribution kind to the same parameter name.
ERROR:root:Traceback (most recent call last):
  File "/home/scott/code/stock-model/optimize/auto_tune.py", line 64, in <module>
    tune(ticker)
  File "/home/scott/code/stock-model/optimize/auto_tune.py", line 41, in tune
    run_optuna_study(ticker,ticker_interval, 100)
  File "/home/scott/code/stock-model/optimize/opt_study.py", line 25, in run_optuna_study
    study.optimize(lambda t: objective(t, [ticker], ticker_interval), n_trials)
  File "/home/scott/miniconda3/envs/chronos/lib/python3.10/site-packages/optuna/study/study.py", line 490, in optimize
    _optimize(
  File "/home/scott/miniconda3/envs/chronos/lib/python3.10/site-packages/optuna/study/_optimize.py", line 68, in _optimize
    _optimize_sequential(
  File "/home/scott/miniconda3/envs/chronos/lib/python3.10/site-packages/optuna/study/_optimize.py", line 165, in _optimize_sequential
    frozen_trial_id = _run_trial(study, func, catch)
  File "/home/scott/miniconda3/envs/chronos/lib/python3.10/site-packages/optuna/study/_optimize.py", line 263, in _run_trial
    raise func_err
  File "/home/scott/miniconda3/envs/chronos/lib/python3.10/site-packages/optuna/study/_optimize.py", line 206, in _run_trial
    value_or_values = func(trial)
  File "/home/scott/code/stock-model/optimize/opt_study.py", line 25, in <lambda>
    study.optimize(lambda t: objective(t, [ticker], ticker_interval), n_trials)
  File "/home/scott/code/stock-model/optimize/opt_study.py", line 59, in objective
    optuna_config = ConfigFactory.suggest_config(trial, main_ticker)
  File "/home/scott/code/stock-model/optimize/config_factory_v2.py", line 82, in suggest_config
    params[key] = trial.suggest_int(key, low, high)
  File "/home/scott/miniconda3/envs/chronos/lib/python3.10/site-packages/optuna/_convert_positional_args.py", line 127, in converter_wrapper
    return func(**kwargs)  # type: ignore[call-arg]
  File "/home/scott/miniconda3/envs/chronos/lib/python3.10/site-packages/optuna/trial/_trial.py", line 336, in suggest_int
    suggested_value = int(self._suggest(name, distribution))
  File "/home/scott/miniconda3/envs/chronos/lib/python3.10/site-packages/optuna/trial/_trial.py", line 649, in _suggest
    storage.set_trial_param(trial_id, name, param_value_in_internal_repr, distribution)
  File "/home/scott/miniconda3/envs/chronos/lib/python3.10/site-packages/optuna/storages/_cached_storage.py", line 167, in set_trial_param
    self._backend._set_trial_param(
  File "/home/scott/miniconda3/envs/chronos/lib/python3.10/site-packages/optuna/storages/_rdb/storage.py", line 597, in _set_trial_param
    self._set_trial_param_without_commit(
  File "/home/scott/miniconda3/envs/chronos/lib/python3.10/site-packages/optuna/storages/_rdb/storage.py", line 632, in _set_trial_param_without_commit
    distributions.check_distribution_compatibility(previous_distribution, distribution)
  File "/home/scott/miniconda3/envs/chronos/lib/python3.10/site-packages/optuna/distributions.py", line 642, in check_distribution_compatibility
    raise ValueError("Cannot set different distribution kind to the same parameter name.")
ValueError: Cannot set different distribution kind to the same parameter name.

ERROR:root:❌ [Error] sh515050 失败: Another study with name 'opt_sh515050' already exists. Please specify a different name, or reuse the existing one by setting `load_if_exists` (for Python API) or `--skip-if-exists` flag (for CLI).
ERROR:root:Traceback (most recent call last):
  File "/home/scott/miniconda3/envs/chronos/lib/python3.10/site-packages/sqlalchemy/engine/base.py", line 1967, in _exec_single_context
    self.dialect.do_execute(
  File "/home/scott/miniconda3/envs/chronos/lib/python3.10/site-packages/sqlalchemy/engine/default.py", line 952, in do_execute
    cursor.execute(statement, parameters)
sqlite3.IntegrityError: UNIQUE constraint failed: studies.study_name

The above exception was the direct cause of the following exception:

Traceback (most recent call last):
  File "/home/scott/miniconda3/envs/chronos/lib/python3.10/site-packages/optuna/storages/_rdb/storage.py", line 276, in create_new_study
    with _create_scoped_session(self.scoped_session) as session:
  File "/home/scott/miniconda3/envs/chronos/lib/python3.10/contextlib.py", line 142, in __exit__
    next(self.gen)
  File "/home/scott/miniconda3/envs/chronos/lib/python3.10/site-packages/optuna/storages/_rdb/storage.py", line 80, in _create_scoped_session
    session.commit()
  File "/home/scott/miniconda3/envs/chronos/lib/python3.10/site-packages/sqlalchemy/orm/session.py", line 2030, in commit
    trans.commit(_to_root=True)
  File "<string>", line 2, in commit
  File "/home/scott/miniconda3/envs/chronos/lib/python3.10/site-packages/sqlalchemy/orm/state_changes.py", line 137, in _go
    ret_value = fn(self, *arg, **kw)
  File "/home/scott/miniconda3/envs/chronos/lib/python3.10/site-packages/sqlalchemy/orm/session.py", line 1311, in commit
    self._prepare_impl()
  File "<string>", line 2, in _prepare_impl
  File "/home/scott/miniconda3/envs/chronos/lib/python3.10/site-packages/sqlalchemy/orm/state_changes.py", line 137, in _go
    ret_value = fn(self, *arg, **kw)
  File "/home/scott/miniconda3/envs/chronos/lib/python3.10/site-packages/sqlalchemy/orm/session.py", line 1286, in _prepare_impl
    self.session.flush()
  File "/home/scott/miniconda3/envs/chronos/lib/python3.10/site-packages/sqlalchemy/orm/session.py", line 4331, in flush
    self._flush(objects)
  File "/home/scott/miniconda3/envs/chronos/lib/python3.10/site-packages/sqlalchemy/orm/session.py", line 4466, in _flush
    with util.safe_reraise():
  File "/home/scott/miniconda3/envs/chronos/lib/python3.10/site-packages/sqlalchemy/util/langhelpers.py", line 121, in __exit__
    raise exc_value.with_traceback(exc_tb)
  File "/home/scott/miniconda3/envs/chronos/lib/python3.10/site-packages/sqlalchemy/orm/session.py", line 4427, in _flush
    flush_context.execute()
  File "/home/scott/miniconda3/envs/chronos/lib/python3.10/site-packages/sqlalchemy/orm/unitofwork.py", line 466, in execute
    rec.execute(self)
  File "/home/scott/miniconda3/envs/chronos/lib/python3.10/site-packages/sqlalchemy/orm/unitofwork.py", line 642, in execute
    util.preloaded.orm_persistence.save_obj(
  File "/home/scott/miniconda3/envs/chronos/lib/python3.10/site-packages/sqlalchemy/orm/persistence.py", line 93, in save_obj
    _emit_insert_statements(
  File "/home/scott/miniconda3/envs/chronos/lib/python3.10/site-packages/sqlalchemy/orm/persistence.py", line 1233, in _emit_insert_statements
    result = connection.execute(
  File "/home/scott/miniconda3/envs/chronos/lib/python3.10/site-packages/sqlalchemy/engine/base.py", line 1419, in execute
    return meth(
  File "/home/scott/miniconda3/envs/chronos/lib/python3.10/site-packages/sqlalchemy/sql/elements.py", line 527, in _execute_on_connection
    return connection._execute_clauseelement(
  File "/home/scott/miniconda3/envs/chronos/lib/python3.10/site-packages/sqlalchemy/engine/base.py", line 1641, in _execute_clauseelement
    ret = self._execute_context(
  File "/home/scott/miniconda3/envs/chronos/lib/python3.10/site-packages/sqlalchemy/engine/base.py", line 1846, in _execute_context
    return self._exec_single_context(
  File "/home/scott/miniconda3/envs/chronos/lib/python3.10/site-packages/sqlalchemy/engine/base.py", line 1986, in _exec_single_context
    self._handle_dbapi_exception(
  File "/home/scott/miniconda3/envs/chronos/lib/python3.10/site-packages/sqlalchemy/engine/base.py", line 2363, in _handle_dbapi_exception
    raise sqlalchemy_exception.with_traceback(exc_info[2]) from e
  File "/home/scott/miniconda3/envs/chronos/lib/python3.10/site-packages/sqlalchemy/engine/base.py", line 1967, in _exec_single_context
    self.dialect.do_execute(
  File "/home/scott/miniconda3/envs/chronos/lib/python3.10/site-packages/sqlalchemy/engine/default.py", line 952, in do_execute
    cursor.execute(statement, parameters)
sqlalchemy.exc.IntegrityError: (sqlite3.IntegrityError) UNIQUE constraint failed: studies.study_name
[SQL: INSERT INTO studies (study_name) VALUES (?)]
[parameters: ('opt_sh515050',)]
(Background on this error at: https://sqlalche.me/e/20/gkpj)

During handling of the above exception, another exception occurred:

Traceback (most recent call last):
  File "/home/scott/code/stock-model/optimize/auto_tune.py", line 64, in <module>
    tune(ticker)
  File "/home/scott/code/stock-model/optimize/auto_tune.py", line 41, in tune
    run_optuna_study(ticker,ticker_interval, 100)
  File "/home/scott/code/stock-model/optimize/opt_study.py", line 14, in run_optuna_study
    study = optuna.create_study(
  File "/home/scott/miniconda3/envs/chronos/lib/python3.10/site-packages/optuna/_convert_positional_args.py", line 127, in converter_wrapper
    return func(**kwargs)  # type: ignore[call-arg]
  File "/home/scott/miniconda3/envs/chronos/lib/python3.10/site-packages/optuna/study/study.py", line 1297, in create_study
    study_id = storage.create_new_study(direction_objects, study_name)
  File "/home/scott/miniconda3/envs/chronos/lib/python3.10/site-packages/optuna/storages/_cached_storage.py", line 80, in create_new_study
    study_id = self._backend.create_new_study(directions=directions, study_name=study_name)
  File "/home/scott/miniconda3/envs/chronos/lib/python3.10/site-packages/optuna/storages/_rdb/storage.py", line 288, in create_new_study
    raise optuna.exceptions.DuplicatedStudyError(
optuna.exceptions.DuplicatedStudyError: Another study with name 'opt_sh515050' already exists. Please specify a different name, or reuse the existing one by setting `load_if_exists` (for Python API) or `--skip-if-exists` flag (for CLI).

ERROR:root:❌ [Error] sh515050 失败: local variable 'study' referenced before assignment
ERROR:root:Traceback (most recent call last):
  File "/home/scott/code/stock-model/optimize/auto_tune.py", line 64, in <module>
    tune(ticker)
  File "/home/scott/code/stock-model/optimize/auto_tune.py", line 41, in tune
    run_optuna_study(ticker,ticker_interval, 100)
  File "/home/scott/code/stock-model/optimize/opt_study.py", line 31, in run_optuna_study
    ConfigFactory.enqueue_experience(study, ticker)
UnboundLocalError: local variable 'study' referenced before assignment

